{
  "RSpec": {
    "coverage": {
      "/root/cs3300webapp/app/controllers/books_controller.rb": {
        "lines": [
          1,
          1,
          null,
          null,
          1,
          4,
          null,
          null,
          null,
          1,
          null,
          null,
          null,
          1,
          3,
          null,
          null,
          null,
          1,
          null,
          null,
          null,
          1,
          3,
          null,
          3,
          3,
          2,
          1,
          null,
          4,
          2,
          null,
          null,
          null,
          null,
          null,
          1,
          3,
          3,
          2,
          1,
          null,
          4,
          2,
          null,
          null,
          null,
          null,
          null,
          1,
          0,
          null,
          0,
          0,
          0,
          null,
          null,
          null,
          1,
          null,
          1,
          8,
          null,
          null,
          null,
          1,
          6,
          null,
          null
        ]
      },
      "/root/cs3300webapp/app/controllers/application_controller.rb": {
        "lines": [
          1,
          null
        ]
      },
      "/root/cs3300webapp/app/models/book.rb": {
        "lines": [
          1,
          1,
          null
        ]
      },
      "/root/cs3300webapp/app/channels/application_cable/channel.rb": {
        "lines": [
          0,
          0,
          0,
          0
        ],
        "branches": {
        }
      },
      "/root/cs3300webapp/app/channels/application_cable/connection.rb": {
        "lines": [
          0,
          0,
          0,
          0
        ],
        "branches": {
        }
      },
      "/root/cs3300webapp/app/helpers/application_helper.rb": {
        "lines": [
          0,
          0
        ],
        "branches": {
        }
      },
      "/root/cs3300webapp/app/helpers/books_helper.rb": {
        "lines": [
          0,
          0
        ],
        "branches": {
        }
      },
      "/root/cs3300webapp/app/jobs/application_job.rb": {
        "lines": [
          0,
          null,
          null,
          null,
          null,
          null,
          0
        ],
        "branches": {
        }
      },
      "/root/cs3300webapp/app/mailers/application_mailer.rb": {
        "lines": [
          0,
          0,
          0,
          0
        ],
        "branches": {
        }
      },
      "/root/cs3300webapp/app/models/application_record.rb": {
        "lines": [
          0,
          0,
          0
        ],
        "branches": {
        }
      },
      "/root/cs3300webapp/app/models/user.rb": {
        "lines": [
          0,
          null,
          null,
          0,
          0,
          0
        ],
        "branches": {
        }
      }
    },
    "timestamp": 1681764882
  }
}
